<?xml version="1.0" encoding="UTF-8"?>
<robot generator="Robot 6.0.2 (Python 3.10.0 on win32)" generated="20230510 13:33:04.938" rpa="false" schemaversion="3">
<suite id="s1" name="Keywords" source="Z:\Wyntok\testing\Suite\keywords.robot">
<test id="s1-t1" name="loginTest" line="29">
<kw name="login">
<kw name="Open Browser" library="SeleniumLibrary">
<arg>${url}</arg>
<arg>chrome</arg>
<doc>Opens a new browser instance to the optional ``url``.</doc>
<msg timestamp="20230510 13:33:05.133" level="INFO">Opening browser 'chrome' to base url 'https://dev.manuf.app/masters/sites/22/warehouses/31/jobwork'.</msg>
<msg timestamp="20230510 13:33:05.140" level="INFO">Applicable driver not found; attempting to install with Selenium Manager (Beta)</msg>
<status status="PASS" starttime="20230510 13:33:05.133" endtime="20230510 13:33:07.294"/>
</kw>
<kw name="Maximize Browser Window" library="SeleniumLibrary">
<doc>Maximizes current browser window.</doc>
<status status="PASS" starttime="20230510 13:33:07.294" endtime="20230510 13:33:07.418"/>
</kw>
<kw name="input">
<arg>${email}</arg>
<arg>Sample_Site@swiss.com</arg>
<kw name="Wait Until Element Is Visible" library="SeleniumLibrary">
<arg>${xpath}</arg>
<doc>Waits until the element ``locator`` is visible.</doc>
<status status="PASS" starttime="20230510 13:33:07.419" endtime="20230510 13:33:07.450"/>
</kw>
<kw name="Input Text" library="SeleniumLibrary">
<arg>${xpath}</arg>
<arg>${text}</arg>
<doc>Types the given ``text`` into the text field identified by ``locator``.</doc>
<msg timestamp="20230510 13:33:07.450" level="INFO">Typing text 'Sample_Site@swiss.com' into text field '//input[@name = "email"]'.</msg>
<status status="PASS" starttime="20230510 13:33:07.450" endtime="20230510 13:33:07.653"/>
</kw>
<status status="PASS" starttime="20230510 13:33:07.418" endtime="20230510 13:33:07.653"/>
</kw>
<kw name="input">
<arg>${password}</arg>
<arg>7996235980</arg>
<kw name="Wait Until Element Is Visible" library="SeleniumLibrary">
<arg>${xpath}</arg>
<doc>Waits until the element ``locator`` is visible.</doc>
<status status="PASS" starttime="20230510 13:33:07.653" endtime="20230510 13:33:07.680"/>
</kw>
<kw name="Input Text" library="SeleniumLibrary">
<arg>${xpath}</arg>
<arg>${text}</arg>
<doc>Types the given ``text`` into the text field identified by ``locator``.</doc>
<msg timestamp="20230510 13:33:07.680" level="INFO">Typing text '7996235980' into text field '//input[@name = "password"]'.</msg>
<status status="PASS" starttime="20230510 13:33:07.680" endtime="20230510 13:33:07.831"/>
</kw>
<status status="PASS" starttime="20230510 13:33:07.653" endtime="20230510 13:33:07.831"/>
</kw>
<kw name="click">
<arg>${signI}</arg>
<msg timestamp="20230510 13:33:07.834" level="FAIL">Variable '${signI}' not found. Did you mean:
    ${signIn}</msg>
<status status="FAIL" starttime="20230510 13:33:07.831" endtime="20230510 13:33:07.834"/>
</kw>
<status status="FAIL" starttime="20230510 13:33:05.133" endtime="20230510 13:33:07.834"/>
</kw>
<kw name="Sleep" library="BuiltIn">
<arg>5</arg>
<doc>Pauses the test executed for the given time.</doc>
<status status="NOT RUN" starttime="20230510 13:33:07.835" endtime="20230510 13:33:07.835"/>
</kw>
<status status="FAIL" starttime="20230510 13:33:05.133" endtime="20230510 13:33:07.835">Variable '${signI}' not found. Did you mean:
    ${signIn}</status>
</test>
<status status="FAIL" starttime="20230510 13:33:04.938" endtime="20230510 13:33:07.836"/>
</suite>
<statistics>
<total>
<stat pass="0" fail="1" skip="0">All Tests</stat>
</total>
<tag>
</tag>
<suite>
<stat pass="0" fail="1" skip="0" id="s1" name="Keywords">Keywords</stat>
</suite>
</statistics>
<errors>
</errors>
</robot>
